#
# There is insufficient memory for the Java Runtime Environment to continue.
# Native memory allocation (mmap) failed to map 11534336 bytes. Error detail: G1 virtual space
# Possible reasons:
#   The system is out of physical RAM or swap space
#   This process is running with CompressedOops enabled, and the Java Heap may be blocking the growth of the native heap
# Possible solutions:
#   Reduce memory load on the system
#   Increase physical memory or swap space
#   Check if swap backing store is full
#   Decrease Java heap size (-Xmx/-Xms)
#   Decrease number of Java threads
#   Decrease Java thread stack sizes (-Xss)
#   Set larger code cache with -XX:ReservedCodeCacheSize=
#   JVM is running with Unscaled Compressed Oops mode in which the Java heap is
#     placed in the first 4GB address space. The Java Heap base address is the
#     maximum limit for the native heap growth. Please use -XX:HeapBaseMinAddress
#     to set the Java Heap base and to place the Java Heap above 4GB virtual address.
# This output file may be truncated or incomplete.
#
#  Out of Memory Error (os_windows.cpp:3713), pid=11884, tid=29228
#
# JRE version: OpenJDK Runtime Environment Temurin-21.0.9+10 (21.0.9+10) (build 21.0.9+10-LTS)
# Java VM: OpenJDK 64-Bit Server VM Temurin-21.0.9+10 (21.0.9+10-LTS, mixed mode, emulated-client, sharing, tiered, compressed oops, compressed class ptrs, g1 gc, windows-amd64)
# No core dump will be written. Minidumps are not enabled by default on client versions of Windows
#

---------------  S U M M A R Y ------------

Command Line: -Dcom.sun.management.jmxremote -Dcom.sun.management.jmxremote.port=62080 -Dcom.sun.management.jmxremote.authenticate=false -Dcom.sun.management.jmxremote.ssl=false -Djava.rmi.server.hostname=localhost -Dspring.jmx.enabled=true -Dmanagement.endpoints.jmx.exposure.include=* -Dspring.application.admin.enabled=true -Dspring.output.ansi.enabled=always -XX:TieredStopAtLevel=1 -Dspring.boot.project.name=EurekaServer -Dfile.encoding=UTF-8 -Dstdout.encoding=UTF-8 -Dstderr.encoding=UTF-8 -XX:+ShowCodeDetailsInExceptionMessages com.example.demo.EurekaServerApplication

Host: AMD Ryzen 5 5600H with Radeon Graphics         , 12 cores, 7G,  Windows 11 , 64 bit Build 26100 (10.0.26100.7309)
Time: Wed Dec 10 05:04:15 2025 India Standard Time elapsed time: 14.100320 seconds (0d 0h 0m 14s)

---------------  T H R E A D  ---------------

Current thread (0x0000020f7f3bbd10):  VMThread "VM Thread"          [id=29228, stack(0x000000fa5e000000,0x000000fa5e100000) (1024K)]

Stack: [0x000000fa5e000000,0x000000fa5e100000]
Native frames: (J=compiled Java code, j=interpreted, Vv=VM code, C=native code)
V  [jvm.dll+0x6d6e29]
V  [jvm.dll+0x8b4b76]
V  [jvm.dll+0x8b712e]
V  [jvm.dll+0x8b7813]
V  [jvm.dll+0x283d86]
V  [jvm.dll+0x6d3745]
V  [jvm.dll+0x6c747a]
V  [jvm.dll+0x35e7e8]
V  [jvm.dll+0x366426]
V  [jvm.dll+0x3b73fe]
V  [jvm.dll+0x3b76a8]
V  [jvm.dll+0x3329ec]
V  [jvm.dll+0x332a77]
V  [jvm.dll+0x37684c]
V  [jvm.dll+0x374fee]
V  [jvm.dll+0x332131]
V  [jvm.dll+0x37465a]
V  [jvm.dll+0x8bd500]
V  [jvm.dll+0x8be8a4]
V  [jvm.dll+0x8bede0]
V  [jvm.dll+0x8bf083]
V  [jvm.dll+0x85e9ad]
V  [jvm.dll+0x6d565d]
C  [ucrtbase.dll+0x37b0]
C  [KERNEL32.DLL+0x2e8d7]
C  [ntdll.dll+0x8c53c]

VM_Operation (0x000000fa5d9f5d20): G1CollectForAllocation, mode: safepoint, requested by thread 0x0000020f7b8c6400


---------------  P R O C E S S  ---------------

Threads class SMR info:
_java_thread_list=0x0000020f517b6bc0, length=21, elements={
0x0000020f7b8c6400, 0x0000020f7f3cefe0, 0x0000020f7f3d1ce0, 0x0000020f7f3d7e90,
0x0000020f7f3d88e0, 0x0000020f7f3e5490, 0x0000020f7f3f7ee0, 0x0000020f0a680090,
0x0000020f7f3f5780, 0x0000020f7f3f64a0, 0x0000020f7f3f5e10, 0x0000020f7f3f7850,
0x0000020f7f3f8570, 0x0000020f7f3f8c00, 0x0000020f7f3f6b30, 0x0000020f7f3f71c0,
0x0000020f50663ae0, 0x0000020f50664170, 0x0000020f50660cf0, 0x0000020f50664800,
0x0000020f50661380
}

Java Threads: ( => current thread )
  0x0000020f7b8c6400 JavaThread "main"                              [_thread_blocked, id=37776, stack(0x000000fa5d900000,0x000000fa5da00000) (1024K)]
  0x0000020f7f3cefe0 JavaThread "Reference Handler"          daemon [_thread_blocked, id=19216, stack(0x000000fa5e100000,0x000000fa5e200000) (1024K)]
  0x0000020f7f3d1ce0 JavaThread "Finalizer"                  daemon [_thread_blocked, id=23764, stack(0x000000fa5e200000,0x000000fa5e300000) (1024K)]
  0x0000020f7f3d7e90 JavaThread "Signal Dispatcher"          daemon [_thread_blocked, id=44992, stack(0x000000fa5e300000,0x000000fa5e400000) (1024K)]
  0x0000020f7f3d88e0 JavaThread "Attach Listener"            daemon [_thread_blocked, id=19200, stack(0x000000fa5e400000,0x000000fa5e500000) (1024K)]
  0x0000020f7f3e5490 JavaThread "Service Thread"             daemon [_thread_blocked, id=41148, stack(0x000000fa5e500000,0x000000fa5e600000) (1024K)]
  0x0000020f7f3f7ee0 JavaThread "Monitor Deflation Thread"   daemon [_thread_blocked, id=32332, stack(0x000000fa5e600000,0x000000fa5e700000) (1024K)]
  0x0000020f0a680090 JavaThread "C1 CompilerThread0"         daemon [_thread_blocked, id=23784, stack(0x000000fa5e700000,0x000000fa5e800000) (1024K)]
  0x0000020f7f3f5780 JavaThread "Notification Thread"        daemon [_thread_blocked, id=3028, stack(0x000000fa5e900000,0x000000fa5ea00000) (1024K)]
  0x0000020f7f3f64a0 JavaThread "Common-Cleaner"             daemon [_thread_blocked, id=25744, stack(0x000000fa5ea00000,0x000000fa5eb00000) (1024K)]
  0x0000020f7f3f5e10 JavaThread "RMI TCP Accept-0"           daemon [_thread_in_native, id=13304, stack(0x000000fa5eb00000,0x000000fa5ec00000) (1024K)]
  0x0000020f7f3f7850 JavaThread "RMI TCP Accept-62080"       daemon [_thread_in_native, id=28972, stack(0x000000fa5ec00000,0x000000fa5ed00000) (1024K)]
  0x0000020f7f3f8570 JavaThread "RMI TCP Accept-0"           daemon [_thread_in_native, id=21484, stack(0x000000fa5ed00000,0x000000fa5ee00000) (1024K)]
  0x0000020f7f3f8c00 JavaThread "RMI TCP Connection(1)-127.0.0.1" daemon [_thread_in_native, id=18740, stack(0x000000fa5ef00000,0x000000fa5f000000) (1024K)]
  0x0000020f7f3f6b30 JavaThread "RMI Scheduler(0)"           daemon [_thread_blocked, id=30512, stack(0x000000fa5f800000,0x000000fa5f900000) (1024K)]
  0x0000020f7f3f71c0 JavaThread "RMI TCP Connection(2)-127.0.0.1" daemon [_thread_blocked, id=26892, stack(0x000000fa5f900000,0x000000fa5fa00000) (1024K)]
  0x0000020f50663ae0 JavaThread "JMX server connection timeout 36" daemon [_thread_blocked, id=38416, stack(0x000000fa5fa00000,0x000000fa5fb00000) (1024K)]
  0x0000020f50664170 JavaThread "Catalina-utility-1"                [_thread_blocked, id=32108, stack(0x000000fa60000000,0x000000fa60100000) (1024K)]
  0x0000020f50660cf0 JavaThread "Catalina-utility-2"                [_thread_blocked, id=41424, stack(0x000000fa60100000,0x000000fa60200000) (1024K)]
  0x0000020f50664800 JavaThread "container-0"                       [_thread_blocked, id=36620, stack(0x000000fa60200000,0x000000fa60300000) (1024K)]
  0x0000020f50661380 JavaThread "spring.cloud.inetutils"     daemon [_thread_blocked, id=32912, stack(0x000000fa5fb00000,0x000000fa5fc00000) (1024K)]
Total: 21

Other Threads:
=>0x0000020f7f3bbd10 VMThread "VM Thread"                           [id=29228, stack(0x000000fa5e000000,0x000000fa5e100000) (1024K)]
  0x0000020f7f3a2ad0 WatcherThread "VM Periodic Task Thread"        [id=29628, stack(0x000000fa5df00000,0x000000fa5e000000) (1024K)]
  0x0000020f7dbf8da0 WorkerThread "GC Thread#0"                     [id=24196, stack(0x000000fa5da00000,0x000000fa5db00000) (1024K)]
  0x0000020f505aac20 WorkerThread "GC Thread#1"                     [id=42580, stack(0x000000fa5f000000,0x000000fa5f100000) (1024K)]
  0x0000020f505d22a0 WorkerThread "GC Thread#2"                     [id=25420, stack(0x000000fa5f100000,0x000000fa5f200000) (1024K)]
  0x0000020f505d2640 WorkerThread "GC Thread#3"                     [id=39092, stack(0x000000fa5f200000,0x000000fa5f300000) (1024K)]
  0x0000020f505d29e0 WorkerThread "GC Thread#4"                     [id=20124, stack(0x000000fa5f300000,0x000000fa5f400000) (1024K)]
  0x0000020f505d4d90 WorkerThread "GC Thread#5"                     [id=19416, stack(0x000000fa5f400000,0x000000fa5f500000) (1024K)]
  0x0000020f505d5130 WorkerThread "GC Thread#6"                     [id=36256, stack(0x000000fa5f500000,0x000000fa5f600000) (1024K)]
  0x0000020f505d54d0 WorkerThread "GC Thread#7"                     [id=34100, stack(0x000000fa5f600000,0x000000fa5f700000) (1024K)]
  0x0000020f505dd880 WorkerThread "GC Thread#8"                     [id=42100, stack(0x000000fa5f700000,0x000000fa5f800000) (1024K)]
  0x0000020f509eacb0 WorkerThread "GC Thread#9"                     [id=2816, stack(0x000000fa5fc00000,0x000000fa5fd00000) (1024K)]
  0x0000020f7dc08ae0 ConcurrentGCThread "G1 Main Marker"            [id=14300, stack(0x000000fa5db00000,0x000000fa5dc00000) (1024K)]
  0x0000020f7dc0b6b0 WorkerThread "G1 Conc#0"                       [id=1096, stack(0x000000fa5dc00000,0x000000fa5dd00000) (1024K)]
  0x0000020f509eb050 WorkerThread "G1 Conc#1"                       [id=33408, stack(0x000000fa5ee00000,0x000000fa5ef00000) (1024K)]
  0x0000020f509ebb30 WorkerThread "G1 Conc#2"                       [id=27300, stack(0x000000fa5ff00000,0x000000fa60000000) (1024K)]
  0x0000020f7dc4e8c0 ConcurrentGCThread "G1 Refine#0"               [id=22516, stack(0x000000fa5dd00000,0x000000fa5de00000) (1024K)]
  0x0000020f7f2745f0 ConcurrentGCThread "G1 Service"                [id=27908, stack(0x000000fa5de00000,0x000000fa5df00000) (1024K)]
Total: 18

Threads with active compile tasks:
Total: 0

VM state: at safepoint (normal execution)

VM Mutex/Monitor currently owned by a thread:  ([mutex/lock_event])
[0x00007ffe4039d570] Threads_lock - owner thread: 0x0000020f7f3bbd10
[0x00007ffe4039d670] Heap_lock - owner thread: 0x0000020f7b8c6400

Heap address: 0x000000008a600000, size: 1882 MB, Compressed Oops mode: 32-bit

CDS archive(s) mapped at: [0x0000020f0b000000-0x0000020f0bc80000-0x0000020f0bc80000), size 13107200, SharedBaseAddress: 0x0000020f0b000000, ArchiveRelocationMode: 1.
Compressed class space mapped at: 0x0000020f0c000000-0x0000020f4c000000, reserved size: 1073741824
Narrow klass base: 0x0000020f0b000000, Narrow klass shift: 0, Narrow klass range: 0x100000000

GC Precious Log:
 CardTable entry size: 512
 Card Set container configuration: InlinePtr #cards 5 size 8 Array Of Cards #cards 12 size 40 Howl #buckets 4 coarsen threshold 1843 Howl Bitmap #cards 512 size 80 coarsen threshold 460 Card regions per heap region 1 cards per card region 2048
 CPUs: 12 total, 12 available
 Memory: 7521M
 Large Page Support: Disabled
 NUMA Support: Disabled
 Compressed Oops: Enabled (32-bit)
 Heap Region Size: 1M
 Heap Min Capacity: 8M
 Heap Initial Capacity: 118M
 Heap Max Capacity: 1882M
 Pre-touch: Disabled
 Parallel Workers: 10
 Concurrent Workers: 3
 Concurrent Refinement Workers: 10
 Periodic GC: Disabled

Heap:
 garbage-first heap   total 61440K, used 34144K [0x000000008a600000, 0x0000000100000000)
  region size 1024K, 3 young (3072K), 3 survivors (3072K)
 Metaspace       used 46481K, committed 47296K, reserved 1114112K
  class space    used 6734K, committed 7104K, reserved 1048576K

Heap Regions: E=young(eden), S=young(survivor), O=old, HS=humongous(starts), HC=humongous(continues), CS=collection set, F=free, TAMS=top-at-mark-start, PB=parsable bottom
|   0|0x000000008a600000, 0x000000008a700000, 0x000000008a700000|100%|HS|  |TAMS 0x000000008a600000| PB 0x000000008a600000| Complete 
|   1|0x000000008a700000, 0x000000008a800000, 0x000000008a800000|100%| O|  |TAMS 0x000000008a700000| PB 0x000000008a700000| Untracked 
|   2|0x000000008a800000, 0x000000008a900000, 0x000000008a900000|100%| O|  |TAMS 0x000000008a800000| PB 0x000000008a800000| Untracked 
|   3|0x000000008a900000, 0x000000008aa00000, 0x000000008aa00000|100%| O|  |TAMS 0x000000008a900000| PB 0x000000008a900000| Untracked 
|   4|0x000000008aa00000, 0x000000008ab00000, 0x000000008ab00000|100%| O|  |TAMS 0x000000008aa00000| PB 0x000000008aa00000| Untracked 
|   5|0x000000008ab00000, 0x000000008ac00000, 0x000000008ac00000|100%| O|  |TAMS 0x000000008ab00000| PB 0x000000008ab00000| Untracked 
|   6|0x000000008ac00000, 0x000000008ad00000, 0x000000008ad00000|100%| O|  |TAMS 0x000000008ac00000| PB 0x000000008ac00000| Untracked 
|   7|0x000000008ad00000, 0x000000008ae00000, 0x000000008ae00000|100%| O|  |TAMS 0x000000008ad00000| PB 0x000000008ad00000| Untracked 
|   8|0x000000008ae00000, 0x000000008af00000, 0x000000008af00000|100%| O|  |TAMS 0x000000008ae00000| PB 0x000000008ae00000| Untracked 
|   9|0x000000008af00000, 0x000000008b000000, 0x000000008b000000|100%| O|  |TAMS 0x000000008af00000| PB 0x000000008af00000| Untracked 
|  10|0x000000008b000000, 0x000000008b100000, 0x000000008b100000|100%| O|  |TAMS 0x000000008b000000| PB 0x000000008b000000| Untracked 
|  11|0x000000008b100000, 0x000000008b200000, 0x000000008b200000|100%| O|  |TAMS 0x000000008b100000| PB 0x000000008b100000| Untracked 
|  12|0x000000008b200000, 0x000000008b300000, 0x000000008b300000|100%| O|  |TAMS 0x000000008b200000| PB 0x000000008b200000| Untracked 
|  13|0x000000008b300000, 0x000000008b400000, 0x000000008b400000|100%| O|  |TAMS 0x000000008b300000| PB 0x000000008b300000| Untracked 
|  14|0x000000008b400000, 0x000000008b500000, 0x000000008b500000|100%| O|Cm|TAMS 0x000000008b400000| PB 0x000000008b400000| Complete 
|  15|0x000000008b500000, 0x000000008b600000, 0x000000008b600000|100%| O|  |TAMS 0x000000008b500000| PB 0x000000008b500000| Untracked 
|  16|0x000000008b600000, 0x000000008b700000, 0x000000008b700000|100%| O|  |TAMS 0x000000008b600000| PB 0x000000008b600000| Untracked 
|  17|0x000000008b700000, 0x000000008b800000, 0x000000008b800000|100%| O|  |TAMS 0x000000008b700000| PB 0x000000008b700000| Untracked 
|  18|0x000000008b800000, 0x000000008b900000, 0x000000008b900000|100%| O|  |TAMS 0x000000008b800000| PB 0x000000008b800000| Untracked 
|  19|0x000000008b900000, 0x000000008ba00000, 0x000000008ba00000|100%| O|  |TAMS 0x000000008b900000| PB 0x000000008b900000| Untracked 
|  20|0x000000008ba00000, 0x000000008bb00000, 0x000000008bb00000|100%| O|  |TAMS 0x000000008ba00000| PB 0x000000008ba00000| Untracked 
|  21|0x000000008bb00000, 0x000000008bc00000, 0x000000008bc00000|100%| O|  |TAMS 0x000000008bb00000| PB 0x000000008bb00000| Untracked 
|  22|0x000000008bc00000, 0x000000008bd00000, 0x000000008bd00000|100%| O|  |TAMS 0x000000008bc00000| PB 0x000000008bc00000| Untracked 
|  23|0x000000008bd00000, 0x000000008be00000, 0x000000008be00000|100%| O|  |TAMS 0x000000008bd00000| PB 0x000000008bd00000| Untracked 
|  24|0x000000008be00000, 0x000000008bf00000, 0x000000008bf00000|100%| O|  |TAMS 0x000000008be00000| PB 0x000000008be00000| Untracked 
|  25|0x000000008bf00000, 0x000000008c000000, 0x000000008c000000|100%| O|  |TAMS 0x000000008bf00000| PB 0x000000008bf00000| Untracked 
|  26|0x000000008c000000, 0x000000008c058098, 0x000000008c100000| 34%| O|  |TAMS 0x000000008c000000| PB 0x000000008c000000| Untracked 
|  27|0x000000008c100000, 0x000000008c100000, 0x000000008c200000|  0%| F|  |TAMS 0x000000008c100000| PB 0x000000008c100000| Untracked 
|  28|0x000000008c200000, 0x000000008c200000, 0x000000008c300000|  0%| F|  |TAMS 0x000000008c200000| PB 0x000000008c200000| Untracked 
|  29|0x000000008c300000, 0x000000008c400000, 0x000000008c400000|100%| O|  |TAMS 0x000000008c300000| PB 0x000000008c300000| Untracked 
|  30|0x000000008c400000, 0x000000008c500000, 0x000000008c500000|100%| O|  |TAMS 0x000000008c400000| PB 0x000000008c400000| Untracked 
|  31|0x000000008c500000, 0x000000008c600000, 0x000000008c600000|100%| O|  |TAMS 0x000000008c500000| PB 0x000000008c500000| Untracked 
|  32|0x000000008c600000, 0x000000008c700000, 0x000000008c700000|100%| O|  |TAMS 0x000000008c600000| PB 0x000000008c600000| Untracked 
|  33|0x000000008c700000, 0x000000008c700000, 0x000000008c800000|  0%| F|  |TAMS 0x000000008c700000| PB 0x000000008c700000| Untracked 
|  34|0x000000008c800000, 0x000000008c800000, 0x000000008c900000|  0%| F|  |TAMS 0x000000008c800000| PB 0x000000008c800000| Untracked 
|  35|0x000000008c900000, 0x000000008ca00000, 0x000000008ca00000|100%| S|CS|TAMS 0x000000008c900000| PB 0x000000008c900000| Complete 
|  36|0x000000008ca00000, 0x000000008cb00000, 0x000000008cb00000|100%| S|CS|TAMS 0x000000008ca00000| PB 0x000000008ca00000| Complete 
|  37|0x000000008cb00000, 0x000000008cc00000, 0x000000008cc00000|100%| S|CS|TAMS 0x000000008cb00000| PB 0x000000008cb00000| Complete 
|  38|0x000000008cc00000, 0x000000008cc00000, 0x000000008cd00000|  0%| F|  |TAMS 0x000000008cc00000| PB 0x000000008cc00000| Untracked 
|  39|0x000000008cd00000, 0x000000008cd00000, 0x000000008ce00000|  0%| F|  |TAMS 0x000000008cd00000| PB 0x000000008cd00000| Untracked 
|  40|0x000000008ce00000, 0x000000008ce00000, 0x000000008cf00000|  0%| F|  |TAMS 0x000000008ce00000| PB 0x000000008ce00000| Untracked 
|  41|0x000000008cf00000, 0x000000008cf00000, 0x000000008d000000|  0%| F|  |TAMS 0x000000008cf00000| PB 0x000000008cf00000| Untracked 
|  42|0x000000008d000000, 0x000000008d000000, 0x000000008d100000|  0%| F|  |TAMS 0x000000008d000000| PB 0x000000008d000000| Untracked 
|  43|0x000000008d100000, 0x000000008d100000, 0x000000008d200000|  0%| F|  |TAMS 0x000000008d100000| PB 0x000000008d100000| Untracked 
|  44|0x000000008d200000, 0x000000008d200000, 0x000000008d300000|  0%| F|  |TAMS 0x000000008d200000| PB 0x000000008d200000| Untracked 
|  45|0x000000008d300000, 0x000000008d300000, 0x000000008d400000|  0%| F|  |TAMS 0x000000008d300000| PB 0x000000008d300000| Untracked 
|  46|0x000000008d400000, 0x000000008d400000, 0x000000008d500000|  0%| F|  |TAMS 0x000000008d400000| PB 0x000000008d400000| Untracked 
|  47|0x000000008d500000, 0x000000008d500000, 0x000000008d600000|  0%| F|  |TAMS 0x000000008d500000| PB 0x000000008d500000| Untracked 
|  48|0x000000008d600000, 0x000000008d600000, 0x000000008d700000|  0%| F|  |TAMS 0x000000008d600000| PB 0x000000008d600000| Untracked 
|  49|0x000000008d700000, 0x000000008d700000, 0x000000008d800000|  0%| F|  |TAMS 0x000000008d700000| PB 0x000000008d700000| Untracked 
|  50|0x000000008d800000, 0x000000008d800000, 0x000000008d900000|  0%| F|  |TAMS 0x000000008d800000| PB 0x000000008d800000| Untracked 
|  51|0x000000008d900000, 0x000000008d900000, 0x000000008da00000|  0%| F|  |TAMS 0x000000008d900000| PB 0x000000008d900000| Untracked 
|  52|0x000000008da00000, 0x000000008da00000, 0x000000008db00000|  0%| F|  |TAMS 0x000000008da00000| PB 0x000000008da00000| Untracked 
|  64|0x000000008e600000, 0x000000008e600000, 0x000000008e700000|  0%| F|  |TAMS 0x000000008e600000| PB 0x000000008e600000| Untracked 
|  65|0x000000008e700000, 0x000000008e700000, 0x000000008e800000|  0%| F|  |TAMS 0x000000008e700000| PB 0x000000008e700000| Untracked 
|  66|0x000000008e800000, 0x000000008e800000, 0x000000008e900000|  0%| F|  |TAMS 0x000000008e800000| PB 0x000000008e800000| Untracked 
|  67|0x000000008e900000, 0x000000008e900000, 0x000000008ea00000|  0%| F|  |TAMS 0x000000008e900000| PB 0x000000008e900000| Untracked 
|  68|0x000000008ea00000, 0x000000008ea00000, 0x000000008eb00000|  0%| F|  |TAMS 0x000000008ea00000| PB 0x000000008ea00000| Untracked 
|  69|0x000000008eb00000, 0x000000008eb00000, 0x000000008ec00000|  0%| F|  |TAMS 0x000000008eb00000| PB 0x000000008eb00000| Untracked 
| 117|0x0000000091b00000, 0x0000000091b00000, 0x0000000091c00000|  0%| F|  |TAMS 0x0000000091b00000| PB 0x0000000091b00000| Untracked 

Card table byte_map: [0x0000020f7e330000,0x0000020f7e6e0000] _byte_map_base: 0x0000020f7dedd000

Marking Bits: (CMBitMap*) 0x0000020f7dbf93b0
 Bits: [0x0000020f068e0000, 0x0000020f08648000)

Polling page: 0x0000020f7bc70000

Metaspace:

Usage:
  Non-class:     38.82 MB used.
      Class:      6.58 MB used.
       Both:     45.39 MB used.

Virtual space:
  Non-class space:       64.00 MB reserved,      39.25 MB ( 61%) committed,  1 nodes.
      Class space:        1.00 GB reserved,       6.94 MB ( <1%) committed,  1 nodes.
             Both:        1.06 GB reserved,      46.19 MB (  4%) committed. 

Chunk freelists:
   Non-Class:  7.86 MB
       Class:  9.05 MB
        Both:  16.91 MB

MaxMetaspaceSize: unlimited
CompressedClassSpaceSize: 1.00 GB
Initial GC threshold: 21.00 MB
Current GC threshold: 72.12 MB
CDS: on
 - commit_granule_bytes: 65536.
 - commit_granule_words: 8192.
 - virtual_space_node_default_size: 8388608.
 - enlarge_chunks_in_place: 1.
 - use_allocation_guard: 0.


Internal statistics:

num_allocs_failed_limit: 3.
num_arena_births: 1032.
num_arena_deaths: 0.
num_vsnodes_births: 2.
num_vsnodes_deaths: 0.
num_space_committed: 739.
num_space_uncommitted: 0.
num_chunks_returned_to_freelist: 3.
num_chunks_taken_from_freelist: 2718.
num_chunk_merges: 3.
num_chunk_splits: 1877.
num_chunks_enlarged: 1366.
num_inconsistent_stats: 0.

CodeCache: size=49152Kb used=10372Kb max_used=11565Kb free=38779Kb
 bounds [0x0000020f038e0000, 0x0000020f04430000, 0x0000020f068e0000]
 total_blobs=6271, nmethods=5675, adapters=519, full_count=0
Compilation: enabled, stopped_count=0, restarted_count=0

Compilation events (20 events):
Event: 11.977 Thread 0x0000020f0a680090 5750       1       org.springframework.boot.actuate.autoconfigure.observation.ObservationRegistryPostProcessor::postProcessAfterInitialization (22 bytes)
Event: 11.977 Thread 0x0000020f0a680090 nmethod 5750 0x0000020f03cf9a90 code [0x0000020f03cf9d80, 0x0000020f03cfa690]
Event: 11.977 Thread 0x0000020f0a680090 5751       1       org.springframework.cloud.context.properties.ConfigurationPropertiesBeans::postProcessAfterInitialization (2 bytes)
Event: 11.977 Thread 0x0000020f0a680090 nmethod 5751 0x0000020f03cf9790 code [0x0000020f03cf9920, 0x0000020f03cf99e8]
Event: 11.983 Thread 0x0000020f0a680090 5752       1       org.springframework.beans.factory.support.DefaultListableBeanFactory::addCandidateEntry (116 bytes)
Event: 11.984 Thread 0x0000020f0a680090 nmethod 5752 0x0000020f03cf8e90 code [0x0000020f03cf90c0, 0x0000020f03cf9538]
Event: 11.986 Thread 0x0000020f0a680090 5753       1       java.lang.invoke.MethodHandles$Lookup::findVirtual (91 bytes)
Event: 11.987 Thread 0x0000020f0a680090 nmethod 5753 0x0000020f03cf8210 code [0x0000020f03cf8440, 0x0000020f03cf8ae0]
Event: 12.001 Thread 0x0000020f0a680090 5754       1       java.lang.reflect.Constructor::isSynthetic (5 bytes)
Event: 12.001 Thread 0x0000020f0a680090 nmethod 5754 0x0000020f03cf7f10 code [0x0000020f03cf80a0, 0x0000020f03cf8188]
Event: 12.017 Thread 0x0000020f0a680090 5755   !   1       jdk.proxy2.$Proxy93::annotationType (29 bytes)
Event: 12.017 Thread 0x0000020f0a680090 nmethod 5755 0x0000020f03cf7990 code [0x0000020f03cf7b60, 0x0000020f03cf7d90]
Event: 12.019 Thread 0x0000020f0a680090 5756       1       org.springframework.beans.BeanWrapperImpl::<init> (6 bytes)
Event: 12.020 Thread 0x0000020f0a680090 nmethod 5756 0x0000020f03cf7610 code [0x0000020f03cf77c0, 0x0000020f03cf78a8]
Event: 12.020 Thread 0x0000020f0a680090 5757       1       org.springframework.beans.BeanWrapperImpl::<init> (6 bytes)
Event: 12.020 Thread 0x0000020f0a680090 nmethod 5757 0x0000020f03cf7310 code [0x0000020f03cf74c0, 0x0000020f03cf75a0]
Event: 12.020 Thread 0x0000020f0a680090 5758       1       org.springframework.beans.AbstractNestablePropertyAccessor::<init> (37 bytes)
Event: 12.020 Thread 0x0000020f0a680090 nmethod 5758 0x0000020f03cf6e10 code [0x0000020f03cf6fc0, 0x0000020f03cf7238]
Event: 12.029 Thread 0x0000020f0a680090 5759       1       java.lang.invoke.BoundMethodHandle::copyWith (7 bytes)
Event: 12.029 Thread 0x0000020f0a680090 nmethod 5759 0x0000020f03cf6b10 code [0x0000020f03cf6cc0, 0x0000020f03cf6db0]

GC Heap History (20 events):
Event: 5.863 GC heap after
{Heap after GC invocations=3 (full 0):
 garbage-first heap   total 120832K, used 14708K [0x000000008a600000, 0x0000000100000000)
  region size 1024K, 6 young (6144K), 6 survivors (6144K)
 Metaspace       used 21125K, committed 21440K, reserved 1114112K
  class space    used 2762K, committed 2880K, reserved 1048576K
}
Event: 6.295 GC heap before
{Heap before GC invocations=4 (full 0):
 garbage-first heap   total 51200K, used 39284K [0x000000008a600000, 0x0000000100000000)
  region size 1024K, 30 young (30720K), 6 survivors (6144K)
 Metaspace       used 22519K, committed 22912K, reserved 1114112K
  class space    used 2981K, committed 3136K, reserved 1048576K
}
Event: 6.304 GC heap after
{Heap after GC invocations=5 (full 0):
 garbage-first heap   total 51200K, used 16123K [0x000000008a600000, 0x0000000100000000)
  region size 1024K, 2 young (2048K), 2 survivors (2048K)
 Metaspace       used 22519K, committed 22912K, reserved 1114112K
  class space    used 2981K, committed 3136K, reserved 1048576K
}
Event: 6.750 GC heap before
{Heap before GC invocations=5 (full 0):
 garbage-first heap   total 51200K, used 37627K [0x000000008a600000, 0x0000000100000000)
  region size 1024K, 23 young (23552K), 2 survivors (2048K)
 Metaspace       used 24510K, committed 24896K, reserved 1114112K
  class space    used 3314K, committed 3456K, reserved 1048576K
}
Event: 6.756 GC heap after
{Heap after GC invocations=6 (full 0):
 garbage-first heap   total 51200K, used 18181K [0x000000008a600000, 0x0000000100000000)
  region size 1024K, 2 young (2048K), 2 survivors (2048K)
 Metaspace       used 24510K, committed 24896K, reserved 1114112K
  class space    used 3314K, committed 3456K, reserved 1048576K
}
Event: 7.314 GC heap before
{Heap before GC invocations=6 (full 0):
 garbage-first heap   total 51200K, used 39685K [0x000000008a600000, 0x0000000100000000)
  region size 1024K, 23 young (23552K), 2 survivors (2048K)
 Metaspace       used 28582K, committed 29120K, reserved 1114112K
  class space    used 3885K, committed 4096K, reserved 1048576K
}
Event: 7.319 GC heap after
{Heap after GC invocations=7 (full 0):
 garbage-first heap   total 51200K, used 20400K [0x000000008a600000, 0x0000000100000000)
  region size 1024K, 3 young (3072K), 3 survivors (3072K)
 Metaspace       used 28582K, committed 29120K, reserved 1114112K
  class space    used 3885K, committed 4096K, reserved 1048576K
}
Event: 7.622 GC heap before
{Heap before GC invocations=7 (full 0):
 garbage-first heap   total 51200K, used 40880K [0x000000008a600000, 0x0000000100000000)
  region size 1024K, 23 young (23552K), 3 survivors (3072K)
 Metaspace       used 30165K, committed 30720K, reserved 1114112K
  class space    used 4129K, committed 4352K, reserved 1048576K
}
Event: 7.627 GC heap after
{Heap after GC invocations=8 (full 0):
 garbage-first heap   total 61440K, used 21602K [0x000000008a600000, 0x0000000100000000)
  region size 1024K, 2 young (2048K), 2 survivors (2048K)
 Metaspace       used 30165K, committed 30720K, reserved 1114112K
  class space    used 4129K, committed 4352K, reserved 1048576K
}
Event: 8.040 GC heap before
{Heap before GC invocations=8 (full 0):
 garbage-first heap   total 61440K, used 51298K [0x000000008a600000, 0x0000000100000000)
  region size 1024K, 31 young (31744K), 2 survivors (2048K)
 Metaspace       used 32981K, committed 33600K, reserved 1114112K
  class space    used 4559K, committed 4864K, reserved 1048576K
}
Event: 8.044 GC heap after
{Heap after GC invocations=9 (full 0):
 garbage-first heap   total 61440K, used 22676K [0x000000008a600000, 0x0000000100000000)
  region size 1024K, 3 young (3072K), 3 survivors (3072K)
 Metaspace       used 32981K, committed 33600K, reserved 1114112K
  class space    used 4559K, committed 4864K, reserved 1048576K
}
Event: 8.304 GC heap before
{Heap before GC invocations=9 (full 0):
 garbage-first heap   total 61440K, used 33940K [0x000000008a600000, 0x0000000100000000)
  region size 1024K, 15 young (15360K), 3 survivors (3072K)
 Metaspace       used 35221K, committed 35776K, reserved 1114112K
  class space    used 4914K, committed 5184K, reserved 1048576K
}
Event: 8.309 GC heap after
{Heap after GC invocations=10 (full 0):
 garbage-first heap   total 61440K, used 23591K [0x000000008a600000, 0x0000000100000000)
  region size 1024K, 3 young (3072K), 3 survivors (3072K)
 Metaspace       used 35221K, committed 35776K, reserved 1114112K
  class space    used 4914K, committed 5184K, reserved 1048576K
}
Event: 8.669 GC heap before
{Heap before GC invocations=11 (full 0):
 garbage-first heap   total 61440K, used 52263K [0x000000008a600000, 0x0000000100000000)
  region size 1024K, 31 young (31744K), 3 survivors (3072K)
 Metaspace       used 37457K, committed 38080K, reserved 1114112K
  class space    used 5259K, committed 5504K, reserved 1048576K
}
Event: 8.678 GC heap after
{Heap after GC invocations=12 (full 0):
 garbage-first heap   total 61440K, used 27952K [0x000000008a600000, 0x0000000100000000)
  region size 1024K, 4 young (4096K), 4 survivors (4096K)
 Metaspace       used 37457K, committed 38080K, reserved 1114112K
  class space    used 5259K, committed 5504K, reserved 1048576K
}
Event: 9.183 GC heap before
{Heap before GC invocations=12 (full 0):
 garbage-first heap   total 61440K, used 51504K [0x000000008a600000, 0x0000000100000000)
  region size 1024K, 27 young (27648K), 4 survivors (4096K)
 Metaspace       used 40984K, committed 41600K, reserved 1114112K
  class space    used 5812K, committed 6080K, reserved 1048576K
}
Event: 9.187 GC heap after
{Heap after GC invocations=13 (full 0):
 garbage-first heap   total 61440K, used 31085K [0x000000008a600000, 0x0000000100000000)
  region size 1024K, 4 young (4096K), 4 survivors (4096K)
 Metaspace       used 40984K, committed 41600K, reserved 1114112K
  class space    used 5812K, committed 6080K, reserved 1048576K
}
Event: 10.616 GC heap before
{Heap before GC invocations=13 (full 0):
 garbage-first heap   total 61440K, used 51565K [0x000000008a600000, 0x0000000100000000)
  region size 1024K, 24 young (24576K), 4 survivors (4096K)
 Metaspace       used 43561K, committed 44224K, reserved 1114112K
  class space    used 6283K, committed 6592K, reserved 1048576K
}
Event: 10.620 GC heap after
{Heap after GC invocations=14 (full 0):
 garbage-first heap   total 61440K, used 32687K [0x000000008a600000, 0x0000000100000000)
  region size 1024K, 2 young (2048K), 2 survivors (2048K)
 Metaspace       used 43561K, committed 44224K, reserved 1114112K
  class space    used 6283K, committed 6592K, reserved 1048576K
}
Event: 12.081 GC heap before
{Heap before GC invocations=15 (full 0):
 garbage-first heap   total 61440K, used 53167K [0x000000008a600000, 0x0000000100000000)
  region size 1024K, 22 young (22528K), 2 survivors (2048K)
 Metaspace       used 46481K, committed 47296K, reserved 1114112K
  class space    used 6734K, committed 7104K, reserved 1048576K
}

Dll operation events (11 events):
Event: 0.012 Loaded shared library C:\Users\Jaya Aditya\.p2\pool\plugins\org.eclipse.justj.openjdk.hotspot.jre.full.win32.x86_64_21.0.9.v20251105-0741\jre\bin\java.dll
Event: 0.045 Loaded shared library C:\Users\Jaya Aditya\.p2\pool\plugins\org.eclipse.justj.openjdk.hotspot.jre.full.win32.x86_64_21.0.9.v20251105-0741\jre\bin\zip.dll
Event: 0.197 Loaded shared library C:\Users\Jaya Aditya\.p2\pool\plugins\org.eclipse.justj.openjdk.hotspot.jre.full.win32.x86_64_21.0.9.v20251105-0741\jre\bin\jimage.dll
Event: 0.205 Loaded shared library C:\Users\Jaya Aditya\.p2\pool\plugins\org.eclipse.justj.openjdk.hotspot.jre.full.win32.x86_64_21.0.9.v20251105-0741\jre\bin\net.dll
Event: 0.207 Loaded shared library C:\Users\Jaya Aditya\.p2\pool\plugins\org.eclipse.justj.openjdk.hotspot.jre.full.win32.x86_64_21.0.9.v20251105-0741\jre\bin\nio.dll
Event: 0.210 Loaded shared library C:\Users\Jaya Aditya\.p2\pool\plugins\org.eclipse.justj.openjdk.hotspot.jre.full.win32.x86_64_21.0.9.v20251105-0741\jre\bin\zip.dll
Event: 1.449 Loaded shared library C:\Users\Jaya Aditya\.p2\pool\plugins\org.eclipse.justj.openjdk.hotspot.jre.full.win32.x86_64_21.0.9.v20251105-0741\jre\bin\management.dll
Event: 1.470 Loaded shared library C:\Users\Jaya Aditya\.p2\pool\plugins\org.eclipse.justj.openjdk.hotspot.jre.full.win32.x86_64_21.0.9.v20251105-0741\jre\bin\management_ext.dll
Event: 3.395 Loaded shared library C:\Users\Jaya Aditya\.p2\pool\plugins\org.eclipse.justj.openjdk.hotspot.jre.full.win32.x86_64_21.0.9.v20251105-0741\jre\bin\extnet.dll
Event: 5.768 Loaded shared library C:\Users\Jaya Aditya\.p2\pool\plugins\org.eclipse.justj.openjdk.hotspot.jre.full.win32.x86_64_21.0.9.v20251105-0741\jre\bin\sunmscapi.dll
Event: 7.508 Loaded shared library C:\Users\Jaya Aditya\.p2\pool\plugins\org.eclipse.justj.openjdk.hotspot.jre.full.win32.x86_64_21.0.9.v20251105-0741\jre\bin\verify.dll

Deoptimization events (0 events):
No events

Classes loaded (20 events):
Event: 10.844 Loading class java/io/Console
Event: 10.845 Loading class java/io/Console done
Event: 10.847 Loading class sun/reflect/misc/MethodUtil
Event: 10.847 Loading class sun/reflect/misc/MethodUtil done
Event: 10.847 Loading class sun/reflect/misc/MethodUtil$1
Event: 10.847 Loading class sun/reflect/misc/MethodUtil$1 done
Event: 10.848 Loading class java/security/AllPermissionCollection
Event: 10.848 Loading class java/security/AllPermissionCollection done
Event: 10.850 Loading class java/lang/constant/ClassDesc
Event: 10.850 Loading class java/lang/constant/ClassDesc done
Event: 10.851 Loading class java/net/Proxy
Event: 10.851 Loading class java/net/Proxy done
Event: 10.862 Loading class java/beans/IndexedPropertyDescriptor
Event: 10.862 Loading class java/beans/IndexedPropertyDescriptor done
Event: 11.959 Loading class javax/net/ssl/SSLContext
Event: 11.959 Loading class javax/net/ssl/SSLContext done
Event: 11.959 Loading class javax/net/ssl/HostnameVerifier
Event: 11.959 Loading class javax/net/ssl/HostnameVerifier done
Event: 11.999 Loading class java/util/concurrent/Executors$DelegatedScheduledExecutorService
Event: 11.999 Loading class java/util/concurrent/Executors$DelegatedScheduledExecutorService done

Classes unloaded (0 events):
No events

Classes redefined (0 events):
No events

Internal exceptions (20 events):
Event: 7.603 Thread 0x0000020f7b8c6400 Exception <a 'java/lang/NoSuchMethodError'{0x000000008c643dd0}: 'void java.lang.invoke.Invokers$Holder.invokeExact_MT(java.lang.Object, java.lang.Object, int, java.lang.Object)'> (0x000000008c643dd0) 
thrown [s\src\hotspot\share\interpreter\linkResolver.cpp, line 773]
Event: 7.702 Thread 0x0000020f7b8c6400 Exception <a 'java/lang/NoSuchMethodError'{0x000000008d581e80}: 'java.lang.Object java.lang.invoke.DirectMethodHandle$Holder.newInvokeSpecial(java.lang.Object, java.lang.Object, java.lang.Object, int, java.lang.Object, java.lang.Object)'> (0x000000008d581e80) 
thrown [s\src\hotspot\share\interpreter\linkResolver.cpp, line 773]
Event: 7.830 Thread 0x0000020f7b8c6400 Exception <a 'java/lang/NoSuchMethodError'{0x000000008ced1628}: 'long java.lang.invoke.DirectMethodHandle$Holder.invokeVirtual(java.lang.Object, java.lang.Object)'> (0x000000008ced1628) 
thrown [s\src\hotspot\share\interpreter\linkResolver.cpp, line 773]
Event: 7.907 Thread 0x0000020f7b8c6400 Exception <a 'java/lang/NoSuchMethodError'{0x000000008ca28b50}: 'java.lang.Object java.lang.invoke.DirectMethodHandle$Holder.invokeSpecial(java.lang.Object, java.lang.Object, java.lang.Object, long, int)'> (0x000000008ca28b50) 
thrown [s\src\hotspot\share\interpreter\linkResolver.cpp, line 773]
Event: 7.907 Thread 0x0000020f7b8c6400 Exception <a 'java/lang/NoSuchMethodError'{0x000000008ca2c6b8}: 'java.lang.Object java.lang.invoke.Invokers$Holder.linkToTargetMethod(java.lang.Object, long, int, java.lang.Object)'> (0x000000008ca2c6b8) 
thrown [s\src\hotspot\share\interpreter\linkResolver.cpp, line 773]
Event: 8.120 Thread 0x0000020f7b8c6400 Exception <a 'java/lang/NoSuchMethodError'{0x000000008e9187c8}: 'java.lang.reflect.Constructor[] java.lang.Class.getDeclaredConstructors(java.lang.Class)'> (0x000000008e9187c8) 
thrown [s\src\hotspot\share\interpreter\linkResolver.cpp, line 773]
Event: 8.403 Thread 0x0000020f7b8c6400 Exception <a 'java/lang/NoSuchMethodError'{0x000000008e826b00}: 'java.lang.reflect.Method[] java.lang.Class.getDeclaredMethods(java.lang.Class)'> (0x000000008e826b00) 
thrown [s\src\hotspot\share\interpreter\linkResolver.cpp, line 773]
Event: 8.524 Thread 0x0000020f7b8c6400 Exception <a 'java/lang/NoSuchMethodError'{0x000000008d89a3d8}: 'int java.lang.invoke.DirectMethodHandle$Holder.invokeStatic(java.lang.Object, java.lang.Object, java.lang.Object, java.lang.Object, java.lang.Object)'> (0x000000008d89a3d8) 
thrown [s\src\hotspot\share\interpreter\linkResolver.cpp, line 773]
Event: 8.561 Thread 0x0000020f7b8c6400 Exception <a 'java/lang/NoSuchMethodError'{0x000000008d6d3c98}: 'void java.lang.invoke.DirectMethodHandle$Holder.invokeInterface(java.lang.Object, java.lang.Object)'> (0x000000008d6d3c98) 
thrown [s\src\hotspot\share\interpreter\linkResolver.cpp, line 773]
Event: 8.708 Thread 0x0000020f7b8c6400 Exception <a 'java/lang/NoSuchMethodError'{0x000000008eadf6c8}: 'java.lang.Object java.lang.invoke.DirectMethodHandle$Holder.newInvokeSpecial(java.lang.Object, java.lang.Object, java.lang.Object, java.lang.Object, java.lang.Object, java.lang.Object)'> (0x000000008eadf6c8) 
thrown [s\src\hotspot\share\interpreter\linkResolver.cpp, line 773]
Event: 8.776 Thread 0x0000020f7b8c6400 Exception <a 'sun/nio/fs/WindowsException'{0x000000008e8c1da8}> (0x000000008e8c1da8) 
thrown [s\src\hotspot\share\prims\jni.cpp, line 520]
Event: 8.858 Thread 0x0000020f7b8c6400 Exception <a 'java/lang/NoSuchMethodError'{0x000000008d943578}: 'java.lang.Object java.lang.invoke.DirectMethodHandle$Holder.newInvokeSpecial(java.lang.Object, java.lang.Object, java.lang.Object, java.lang.Object, java.lang.Object, java.lang.Object, java.lang.Object, java.lang.Object)'> (0x000000008d943578) 
thrown [s\src\hotspot\share\interpreter\linkResolver.cpp, line 773]
Event: 9.137 Thread 0x0000020f7b8c6400 Exception <a 'java/lang/IncompatibleClassChangeError'{0x000000008cdf6550}: Found class java.lang.Object, but interface was expected> (0x000000008cdf6550) 
thrown [s\src\hotspot\share\interpreter\linkResolver.cpp, line 840]
Event: 9.267 Thread 0x0000020f7b8c6400 Exception <a 'java/lang/NoSuchMethodError'{0x000000008eafd0a0}: 'int java.lang.invoke.DirectMethodHandle$Holder.invokeStatic(java.lang.Object)'> (0x000000008eafd0a0) 
thrown [s\src\hotspot\share\interpreter\linkResolver.cpp, line 773]
Event: 9.267 Thread 0x0000020f7b8c6400 Exception <a 'java/lang/NoSuchMethodError'{0x000000008e900840}: 'int java.lang.invoke.DirectMethodHandle$Holder.invokeStaticInit(java.lang.Object)'> (0x000000008e900840) 
thrown [s\src\hotspot\share\interpreter\linkResolver.cpp, line 773]
Event: 9.314 Thread 0x0000020f7b8c6400 Exception <a 'java/lang/NoSuchMethodError'{0x000000008e723ac8}: 'void java.lang.invoke.DirectMethodHandle$Holder.invokeVirtual(java.lang.Object, java.lang.Object, long)'> (0x000000008e723ac8) 
thrown [s\src\hotspot\share\interpreter\linkResolver.cpp, line 773]
Event: 9.399 Thread 0x0000020f7b8c6400 Exception <a 'java/lang/NoSuchMethodError'{0x000000008d9dd9b8}: 'int java.lang.invoke.DirectMethodHandle$Holder.invokeStaticInit(java.lang.Object, java.lang.Object, java.lang.Object, java.lang.Object)'> (0x000000008d9dd9b8) 
thrown [s\src\hotspot\share\interpreter\linkResolver.cpp, line 773]
Event: 9.437 Thread 0x0000020f7b8c6400 Exception <a 'java/lang/NoSuchMethodError'{0x000000008d64b810}: 'java.lang.Object java.lang.invoke.DirectMethodHandle$Holder.newInvokeSpecial(java.lang.Object, java.lang.Object, java.lang.Object, java.lang.Object, java.lang.Object, java.lang.Object, java.lang.Object, java.lang.Object, java.lang.Object)'> (0x000000008d64b810) 
thrown [s\src\hotspot\share\interpreter\linkResolver.cpp, line 773]
Event: 10.513 Thread 0x0000020f7b8c6400 Exception <a 'java/lang/NoSuchMethodError'{0x000000008d233b08}: 'java.lang.Object java.lang.invoke.DirectMethodHandle$Holder.invokeVirtual(java.lang.Object, java.lang.Object, java.lang.Object, java.lang.Object, java.lang.Object, java.lang.Object, java.lang.Object)'> (0x000000008d233b08) 
thrown [s\src\hotspot\share\interpreter\linkResolver.cpp, line 773]
Event: 10.726 Thread 0x0000020f7b8c6400 Exception <a 'java/lang/NoSuchMethodError'{0x000000008e8c8f50}: 'double java.lang.invoke.DirectMethodHandle$Holder.invokeStatic(java.lang.Object, java.lang.Object)'> (0x000000008e8c8f50) 
thrown [s\src\hotspot\share\interpreter\linkResolver.cpp, line 773]

ZGC Phase Switch (0 events):
No events

VM Operations (20 events):
Event: 9.268 Executing VM operation: HandshakeAllThreads (Deoptimize) done
Event: 9.339 Executing VM operation: HandshakeAllThreads (Deoptimize)
Event: 9.339 Executing VM operation: HandshakeAllThreads (Deoptimize) done
Event: 10.351 Executing VM operation: Cleanup
Event: 10.351 Executing VM operation: Cleanup done
Event: 10.480 Executing VM operation: HandshakeAllThreads (Deoptimize)
Event: 10.480 Executing VM operation: HandshakeAllThreads (Deoptimize) done
Event: 10.585 Executing VM operation: HandshakeAllThreads (Deoptimize)
Event: 10.585 Executing VM operation: HandshakeAllThreads (Deoptimize) done
Event: 10.616 Executing VM operation: G1CollectForAllocation (G1 Evacuation Pause)
Event: 10.620 Executing VM operation: G1CollectForAllocation (G1 Evacuation Pause) done
Event: 10.636 Executing VM operation: G1PauseRemark
Event: 10.639 Executing VM operation: G1PauseRemark done
Event: 10.644 Executing VM operation: G1PauseCleanup
Event: 10.644 Executing VM operation: G1PauseCleanup done
Event: 10.669 Executing VM operation: HandshakeAllThreads (Deoptimize)
Event: 10.669 Executing VM operation: HandshakeAllThreads (Deoptimize) done
Event: 11.682 Executing VM operation: Cleanup
Event: 11.682 Executing VM operation: Cleanup done
Event: 12.080 Executing VM operation: G1CollectForAllocation (G1 Evacuation Pause)

Memory protections (0 events):
No events

Nmethod flushes (20 events):
Event: 10.638 Thread 0x0000020f7f3bbd10 flushing  nmethod 0x0000020f040a4c10
Event: 10.638 Thread 0x0000020f7f3bbd10 flushing  nmethod 0x0000020f040a7210
Event: 10.638 Thread 0x0000020f7f3bbd10 flushing  nmethod 0x0000020f04102b10
Event: 10.638 Thread 0x0000020f7f3bbd10 flushing  nmethod 0x0000020f03c3df10
Event: 10.638 Thread 0x0000020f7f3bbd10 flushing  nmethod 0x0000020f03d1b290
Event: 10.638 Thread 0x0000020f7f3bbd10 flushing  nmethod 0x0000020f03e26010
Event: 10.638 Thread 0x0000020f7f3bbd10 flushing  nmethod 0x0000020f03fe1790
Event: 10.638 Thread 0x0000020f7f3bbd10 flushing  nmethod 0x0000020f04089690
Event: 10.638 Thread 0x0000020f7f3bbd10 flushing  nmethod 0x0000020f040cc310
Event: 10.638 Thread 0x0000020f7f3bbd10 flushing  nmethod 0x0000020f0410c410
Event: 10.638 Thread 0x0000020f7f3bbd10 flushing  nmethod 0x0000020f03e2f310
Event: 10.638 Thread 0x0000020f7f3bbd10 flushing  nmethod 0x0000020f04000d90
Event: 10.638 Thread 0x0000020f7f3bbd10 flushing  nmethod 0x0000020f04001710
Event: 10.638 Thread 0x0000020f7f3bbd10 flushing  nmethod 0x0000020f04071390
Event: 10.638 Thread 0x0000020f7f3bbd10 flushing  nmethod 0x0000020f0409f010
Event: 10.638 Thread 0x0000020f7f3bbd10 flushing  nmethod 0x0000020f040a3690
Event: 10.638 Thread 0x0000020f7f3bbd10 flushing  nmethod 0x0000020f040a3c10
Event: 10.638 Thread 0x0000020f7f3bbd10 flushing  nmethod 0x0000020f04115d90
Event: 10.638 Thread 0x0000020f7f3bbd10 flushing  nmethod 0x0000020f04118e10
Event: 10.638 Thread 0x0000020f7f3bbd10 flushing  nmethod 0x0000020f04144c90

Events (20 events):
Event: 3.655 Thread 0x0000020f7f3f5e10 Thread added: 0x0000020f7f3f71c0
Event: 3.670 Thread 0x0000020f7f3f71c0 Thread added: 0x0000020f50663ae0
Event: 4.176 Thread 0x0000020f7b8c6400 Thread added: 0x0000020f50661380
Event: 4.763 Thread 0x0000020f0a70c8c0 Thread exited: 0x0000020f0a70c8c0
Event: 4.763 Thread 0x0000020f504b03a0 Thread exited: 0x0000020f504b03a0
Event: 5.191 Thread 0x0000020f0a680090 Thread added: 0x0000020f504b03a0
Event: 5.280 Thread 0x0000020f7b8c6400 Thread added: 0x0000020f50663450
Event: 5.418 Thread 0x0000020f0a680090 Thread added: 0x0000020f50c88840
Event: 5.420 Thread 0x0000020f0a680090 Thread added: 0x0000020f50bd1020
Event: 5.625 Thread 0x0000020f7b8c6400 Thread added: 0x0000020f506620a0
Event: 5.699 Thread 0x0000020f506620a0 Thread exited: 0x0000020f506620a0
Event: 5.778 Thread 0x0000020f50663450 Thread exited: 0x0000020f50663450
Event: 8.906 Thread 0x0000020f7b8c6400 Thread added: 0x0000020f50664170
Event: 8.907 Thread 0x0000020f50664170 Thread added: 0x0000020f50660cf0
Event: 8.911 Thread 0x0000020f7b8c6400 Thread added: 0x0000020f50664800
Event: 9.188 Thread 0x0000020f50661380 Thread exited: 0x0000020f50661380
Event: 9.465 Thread 0x0000020f7b8c6400 Thread added: 0x0000020f50661380
Event: 10.343 Thread 0x0000020f50bd1020 Thread exited: 0x0000020f50bd1020
Event: 11.945 Thread 0x0000020f50c88840 Thread exited: 0x0000020f50c88840
Event: 11.945 Thread 0x0000020f504b03a0 Thread exited: 0x0000020f504b03a0


Dynamic libraries:
0x00007ff70f590000 - 0x00007ff70f59e000 	C:\Users\Jaya Aditya\.p2\pool\plugins\org.eclipse.justj.openjdk.hotspot.jre.full.win32.x86_64_21.0.9.v20251105-0741\jre\bin\javaw.exe
0x00007fff19140000 - 0x00007fff193a7000 	C:\WINDOWS\SYSTEM32\ntdll.dll
0x00007fff173b0000 - 0x00007fff17479000 	C:\WINDOWS\System32\KERNEL32.DLL
0x00007fff16410000 - 0x00007fff167ff000 	C:\WINDOWS\System32\KERNELBASE.dll
0x00007fff16c10000 - 0x00007fff16d5b000 	C:\WINDOWS\System32\ucrtbase.dll
0x00007ffefc890000 - 0x00007ffefc8ae000 	C:\Users\Jaya Aditya\.p2\pool\plugins\org.eclipse.justj.openjdk.hotspot.jre.full.win32.x86_64_21.0.9.v20251105-0741\jre\bin\VCRUNTIME140.dll
0x00007ffefc8b0000 - 0x00007ffefc8c8000 	C:\Users\Jaya Aditya\.p2\pool\plugins\org.eclipse.justj.openjdk.hotspot.jre.full.win32.x86_64_21.0.9.v20251105-0741\jre\bin\jli.dll
0x00007fff18cd0000 - 0x00007fff18e95000 	C:\WINDOWS\System32\USER32.dll
0x00007fff04fb0000 - 0x00007fff05243000 	C:\WINDOWS\WinSxS\amd64_microsoft.windows.common-controls_6595b64144ccf1df_6.0.26100.7309_none_3e05feeae336a044\COMCTL32.dll
0x00007fff16df0000 - 0x00007fff16e17000 	C:\WINDOWS\System32\win32u.dll
0x00007fff18c20000 - 0x00007fff18cc9000 	C:\WINDOWS\System32\msvcrt.dll
0x00007fff18ea0000 - 0x00007fff18ecb000 	C:\WINDOWS\System32\GDI32.dll
0x00007fff168c0000 - 0x00007fff169ec000 	C:\WINDOWS\System32\gdi32full.dll
0x00007fff169f0000 - 0x00007fff16a93000 	C:\WINDOWS\System32\msvcp_win.dll
0x00007fff18610000 - 0x00007fff18641000 	C:\WINDOWS\System32\IMM32.DLL
0x00007fff13360000 - 0x00007fff1336c000 	C:\Users\Jaya Aditya\.p2\pool\plugins\org.eclipse.justj.openjdk.hotspot.jre.full.win32.x86_64_21.0.9.v20251105-0741\jre\bin\vcruntime140_1.dll
0x00007ffeb0b10000 - 0x00007ffeb0b9d000 	C:\Users\Jaya Aditya\.p2\pool\plugins\org.eclipse.justj.openjdk.hotspot.jre.full.win32.x86_64_21.0.9.v20251105-0741\jre\bin\msvcp140.dll
0x00007ffe3f6e0000 - 0x00007ffe40480000 	C:\Users\Jaya Aditya\.p2\pool\plugins\org.eclipse.justj.openjdk.hotspot.jre.full.win32.x86_64_21.0.9.v20251105-0741\jre\bin\server\jvm.dll
0x00007fff17110000 - 0x00007fff171c4000 	C:\WINDOWS\System32\ADVAPI32.dll
0x00007fff18ed0000 - 0x00007fff18f76000 	C:\WINDOWS\System32\sechost.dll
0x00007fff17500000 - 0x00007fff17618000 	C:\WINDOWS\System32\RPCRT4.dll
0x00007fff18a00000 - 0x00007fff18a74000 	C:\WINDOWS\System32\WS2_32.dll
0x00007fff16110000 - 0x00007fff1616e000 	C:\WINDOWS\SYSTEM32\POWRPROF.dll
0x00007fff0ed80000 - 0x00007fff0ed8b000 	C:\WINDOWS\SYSTEM32\VERSION.dll
0x00007fff0ed20000 - 0x00007fff0ed55000 	C:\WINDOWS\SYSTEM32\WINMM.dll
0x00007fff160f0000 - 0x00007fff16104000 	C:\WINDOWS\SYSTEM32\UMPDC.dll
0x00007fff15020000 - 0x00007fff1503b000 	C:\WINDOWS\SYSTEM32\kernel.appcore.dll
0x00007fff13390000 - 0x00007fff1339a000 	C:\Users\Jaya Aditya\.p2\pool\plugins\org.eclipse.justj.openjdk.hotspot.jre.full.win32.x86_64_21.0.9.v20251105-0741\jre\bin\jimage.dll
0x00007fff0a850000 - 0x00007fff0aa92000 	C:\WINDOWS\SYSTEM32\DBGHELP.DLL
0x00007fff18650000 - 0x00007fff189d6000 	C:\WINDOWS\System32\combase.dll
0x00007fff17b10000 - 0x00007fff17be6000 	C:\WINDOWS\System32\OLEAUT32.dll
0x00007fff05f90000 - 0x00007fff05fcc000 	C:\WINDOWS\SYSTEM32\dbgcore.DLL
0x00007fff16810000 - 0x00007fff168b5000 	C:\WINDOWS\System32\bcryptPrimitives.dll
0x00007ffefc870000 - 0x00007ffefc890000 	C:\Users\Jaya Aditya\.p2\pool\plugins\org.eclipse.justj.openjdk.hotspot.jre.full.win32.x86_64_21.0.9.v20251105-0741\jre\bin\java.dll
0x00007fff17cb0000 - 0x00007fff18403000 	C:\WINDOWS\System32\SHELL32.dll
0x00007fff16aa0000 - 0x00007fff16c0a000 	C:\WINDOWS\System32\wintypes.dll
0x00007fff13e70000 - 0x00007fff146ce000 	C:\WINDOWS\SYSTEM32\windows.storage.dll
0x00007fff18510000 - 0x00007fff18604000 	C:\WINDOWS\System32\SHCORE.dll
0x00007fff170a0000 - 0x00007fff17106000 	C:\WINDOWS\System32\shlwapi.dll
0x00007fff161b0000 - 0x00007fff161d9000 	C:\WINDOWS\SYSTEM32\profapi.dll
0x00007ffefc590000 - 0x00007ffefc5a8000 	C:\Users\Jaya Aditya\.p2\pool\plugins\org.eclipse.justj.openjdk.hotspot.jre.full.win32.x86_64_21.0.9.v20251105-0741\jre\bin\zip.dll
0x00007fff11150000 - 0x00007fff11160000 	C:\Users\Jaya Aditya\.p2\pool\plugins\org.eclipse.justj.openjdk.hotspot.jre.full.win32.x86_64_21.0.9.v20251105-0741\jre\bin\net.dll
0x00007fff0b8d0000 - 0x00007fff0b9f8000 	C:\WINDOWS\SYSTEM32\WINHTTP.dll
0x00007fff155b0000 - 0x00007fff1561b000 	C:\WINDOWS\system32\mswsock.dll
0x00007ffefc280000 - 0x00007ffefc296000 	C:\Users\Jaya Aditya\.p2\pool\plugins\org.eclipse.justj.openjdk.hotspot.jre.full.win32.x86_64_21.0.9.v20251105-0741\jre\bin\nio.dll
0x00007fff08bf0000 - 0x00007fff08bfa000 	C:\Users\Jaya Aditya\.p2\pool\plugins\org.eclipse.justj.openjdk.hotspot.jre.full.win32.x86_64_21.0.9.v20251105-0741\jre\bin\management.dll
0x00007ffefcb90000 - 0x00007ffefcb9c000 	C:\Users\Jaya Aditya\.p2\pool\plugins\org.eclipse.justj.openjdk.hotspot.jre.full.win32.x86_64_21.0.9.v20251105-0741\jre\bin\management_ext.dll
0x00007fff18410000 - 0x00007fff18418000 	C:\WINDOWS\System32\PSAPI.DLL
0x00007ffef0e60000 - 0x00007ffef0e78000 	C:\WINDOWS\system32\napinsp.dll
0x00007fff14b90000 - 0x00007fff14cbc000 	C:\WINDOWS\SYSTEM32\DNSAPI.dll
0x00007fff14ab0000 - 0x00007fff14ae4000 	C:\WINDOWS\SYSTEM32\IPHLPAPI.DLL
0x00007fff17050000 - 0x00007fff1705a000 	C:\WINDOWS\System32\NSI.dll
0x00007ffef0e40000 - 0x00007ffef0e52000 	C:\WINDOWS\System32\winrnr.dll
0x00007ffef0e10000 - 0x00007ffef0e32000 	C:\WINDOWS\system32\nlansp_c.dll
0x00007fff0bff0000 - 0x00007fff0c006000 	C:\WINDOWS\system32\wshbth.dll
0x00007fff0ed60000 - 0x00007fff0ed6b000 	C:\Windows\System32\rasadhlp.dll
0x00007fff0afc0000 - 0x00007fff0b046000 	C:\WINDOWS\System32\fwpuclnt.dll
0x00007fff15880000 - 0x00007fff1589b000 	C:\WINDOWS\SYSTEM32\CRYPTSP.dll
0x00007fff14f80000 - 0x00007fff14fba000 	C:\WINDOWS\system32\rsaenh.dll
0x00007fff15660000 - 0x00007fff1568b000 	C:\WINDOWS\SYSTEM32\USERENV.dll
0x00007fff16180000 - 0x00007fff161aa000 	C:\WINDOWS\SYSTEM32\bcrypt.dll
0x00007fff15870000 - 0x00007fff1587c000 	C:\WINDOWS\SYSTEM32\CRYPTBASE.dll
0x00007ffefcb70000 - 0x00007ffefcb79000 	C:\Users\Jaya Aditya\.p2\pool\plugins\org.eclipse.justj.openjdk.hotspot.jre.full.win32.x86_64_21.0.9.v20251105-0741\jre\bin\extnet.dll
0x00007fff133a0000 - 0x00007fff133ae000 	C:\Users\Jaya Aditya\.p2\pool\plugins\org.eclipse.justj.openjdk.hotspot.jre.full.win32.x86_64_21.0.9.v20251105-0741\jre\bin\sunmscapi.dll
0x00007fff16290000 - 0x00007fff16407000 	C:\WINDOWS\System32\CRYPT32.dll
0x00007fff15a90000 - 0x00007fff15ac0000 	C:\WINDOWS\SYSTEM32\ncrypt.dll
0x00007fff15a40000 - 0x00007fff15a7f000 	C:\WINDOWS\SYSTEM32\NTASN1.dll
0x00007fff0bd60000 - 0x00007fff0bd70000 	C:\Users\Jaya Aditya\.p2\pool\plugins\org.eclipse.justj.openjdk.hotspot.jre.full.win32.x86_64_21.0.9.v20251105-0741\jre\bin\verify.dll

JVMTI agents: none

dbghelp: loaded successfully - version: 4.0.5 - missing functions: none
symbol engine: initialized successfully - sym options: 0x614 - pdb path: .;C:\Users\Jaya Aditya\.p2\pool\plugins\org.eclipse.justj.openjdk.hotspot.jre.full.win32.x86_64_21.0.9.v20251105-0741\jre\bin;C:\WINDOWS\SYSTEM32;C:\WINDOWS\WinSxS\amd64_microsoft.windows.common-controls_6595b64144ccf1df_6.0.26100.7309_none_3e05feeae336a044;C:\Users\Jaya Aditya\.p2\pool\plugins\org.eclipse.justj.openjdk.hotspot.jre.full.win32.x86_64_21.0.9.v20251105-0741\jre\bin\server

VM Arguments:
jvm_args: -Dcom.sun.management.jmxremote -Dcom.sun.management.jmxremote.port=62080 -Dcom.sun.management.jmxremote.authenticate=false -Dcom.sun.management.jmxremote.ssl=false -Djava.rmi.server.hostname=localhost -Dspring.jmx.enabled=true -Dmanagement.endpoints.jmx.exposure.include=* -Dspring.application.admin.enabled=true -Dspring.output.ansi.enabled=always -XX:TieredStopAtLevel=1 -Dspring.boot.project.name=EurekaServer -Dfile.encoding=UTF-8 -Dstdout.encoding=UTF-8 -Dstderr.encoding=UTF-8 -XX:+ShowCodeDetailsInExceptionMessages 
java_command: com.example.demo.EurekaServerApplication
java_class_path (initial): D:\Wipro -Pre Skilling Training\Eclipse_Projects\DoConnect\EurekaServer\target\classes;C:\Users\Jaya Aditya\.m2\repository\org\springframework\cloud\spring-cloud-starter-netflix-eureka-server\4.1.1\spring-cloud-starter-netflix-eureka-server-4.1.1.jar;C:\Users\Jaya Aditya\.m2\repository\org\springframework\cloud\spring-cloud-starter\4.1.2\spring-cloud-starter-4.1.2.jar;C:\Users\Jaya Aditya\.m2\repository\org\springframework\boot\spring-boot-starter\3.2.5\spring-boot-starter-3.2.5.jar;C:\Users\Jaya Aditya\.m2\repository\org\springframework\boot\spring-boot\3.2.5\spring-boot-3.2.5.jar;C:\Users\Jaya Aditya\.m2\repository\org\springframework\boot\spring-boot-autoconfigure\3.2.5\spring-boot-autoconfigure-3.2.5.jar;C:\Users\Jaya Aditya\.m2\repository\org\springframework\boot\spring-boot-starter-logging\3.2.5\spring-boot-starter-logging-3.2.5.jar;C:\Users\Jaya Aditya\.m2\repository\ch\qos\logback\logback-classic\1.4.14\logback-classic-1.4.14.jar;C:\Users\Jaya Aditya\.m2\repository\ch\qos\logback\logback-core\1.4.14\logback-core-1.4.14.jar;C:\Users\Jaya Aditya\.m2\repository\org\apache\logging\log4j\log4j-to-slf4j\2.21.1\log4j-to-slf4j-2.21.1.jar;C:\Users\Jaya Aditya\.m2\repository\org\apache\logging\log4j\log4j-api\2.21.1\log4j-api-2.21.1.jar;C:\Users\Jaya Aditya\.m2\repository\org\slf4j\jul-to-slf4j\2.0.13\jul-to-slf4j-2.0.13.jar;C:\Users\Jaya Aditya\.m2\repository\jakarta\annotation\jakarta.annotation-api\2.1.1\jakarta.annotation-api-2.1.1.jar;C:\Users\Jaya Aditya\.m2\repository\org\springframework\spring-core\6.1.6\spring-core-6.1.6.jar;C:\Users\Jaya Aditya\.m2\repository\org\springframework\spring-jcl\6.1.6\spring-jcl-6.1.6.jar;C:\Users\Jaya Aditya\.m2\repository\org\yaml\snakeyaml\2.2\snakeyaml-2.2.jar;C:\Users\Jaya Aditya\.m2\repository\org\springframework\cloud\spring-cloud-context\4.1.2\spring-cloud-context-4.1.2.jar;C:\Users\Jaya Aditya\.m2\repository\org\springframework\security\spring-security-crypto\6.2.4\spring-security-crypto-6.2.4.jar;C:\Users\Jaya Aditya\.m2\repository\org\springframework\cloud\spring-cloud-commons\4.1.2\spring-cloud-commons-4.1.2.jar;C:\Users\Jaya Aditya\.m2\repository\org\springframework\security\spring-security-rsa\1.1.2\spring-security-rsa-1.1.2.jar;C:\Users\Jaya Aditya\.m2\repository\org\bouncycastle\bcprov-jdk18on\1.77\bcprov-jdk18on-1.77.jar;C:\Users\Jaya Aditya\.m2\repository\org\springframework\cloud\spring-cloud-netflix-eureka-server\4.1.1\spring-cloud-netflix-eureka-server-4.1.1.jar;C:\Users\Jaya Aditya\.m2\repository\org\springframework\boot\spring-boot-starter-web\3.2.5\spring-boot-starter-web-3.2.5.jar;C:\Users\Jaya Aditya\.m2\repository\org\springframework\boot\spring-boot-starter-json\3.2.5\spring-boot-starter-json-3.2.5.jar;C:\Users\Jaya Aditya\.m2\repository\com\fasterxml\jackson\datatype\jackson-datatype-jdk8\2.15.4\jackson-datatype-jdk8-2.15.4.jar;C:\Users\Jaya Aditya\.m2\repository\com\fasterxml\jackson\datatype\jackson-datatype-jsr310\2.15.4\jackson-datatype-jsr310-2.15.4.jar;C:\Users\Jaya Aditya\.m2\repository\com\fasterxml\jackson\module\jackson-module-parameter-names\2.15.4\jackson-module-parameter-names-2.15.4.jar;C:\Users\Jaya Aditya\.m2\repository\org\springframework\boot\spring-boot-starter-tomcat\3.2.5\spring-boot-starter-tomcat-3.2.5.jar;C:\Users\Jaya Aditya\.m2\repository\org\apache\tomcat\embed\tomcat-embed-core\10.1.20\tomcat-embed-core-10.1.20.jar;C:\Users\Jaya Aditya\.m2\repository\org\apache\tomcat\embed\tomcat-embed-el\10.1.20\tomcat-embed-el-10.1.20.jar;C:\Users\Jaya Aditya\.m2\repository\org\apache\tomcat\embed\tomcat-embed-websocket\10.1.20\tomcat-embed-websocket-10.1.20.jar;C:\Users\Jaya Aditya\.m2\repository\org\springframework\spring-web\6.1.6\spring-web-6.1.6.jar;C:\Users\Jaya Aditya\.m2\repository\org\springframework\spring-beans\6.1.6\spring-beans-6.1.6.jar;C:\Users\Jaya Aditya\.m2\repository\org\springframework\spring-webmvc\6.1.6\spring-webmvc-6.1.6.jar;C:\Users\Jaya Aditya\.m2\repository\org\springframework\spring-aop\6.1.6\spring-aop-6.1.6.jar;C:\Users\Jaya Aditya\.m2\repository\org\springframework\spring-expression\6.1.6\spring-expression-6.1.6.jar;C:\Users\Jaya Aditya\.m2\repository\org\springframework\boot\spring-boot-starter-actuator\3.2.5\spring-boot-starter-actuator-3.2.5.jar;C:\Users\Jaya Aditya\.m2\repository\org\springframework\boot\spring-boot-actuator-autoconfigure\3.2.5\spring-boot-actuator-autoconfigure-3.2.5.jar;C:\Users\Jaya Aditya\.m2\repository\org\springframework\boot\spring-boot-actuator\3.2.5\spring-boot-actuator-3.2.5.jar;C:\Users\Jaya Aditya\.m2\repository\io\micrometer\micrometer-observation\1.12.5\micrometer-observation-1.12.5.jar;C:\Users\Jaya Aditya\.m2\repository\io\micrometer\micrometer-commons\1.12.5\micrometer-commons-1.12.5.jar;C:\Users\Jaya Aditya\.m2\repository\io\micrometer\micrometer-jakarta9\1.12.5\micrometer-jakarta9-1.12.5.jar;C:\Users\Jaya Aditya\.m2\repository\io\micrometer\micrometer-core\1.12.5\micrometer-core-1.12.5.jar;C:\Users\Jaya Aditya\.m2\repository\org\hdrhistogram\HdrHistogram\2.1.12\HdrHistogram-2.1.12.jar;C:\Users\Jaya Aditya\.m2\repository\org\latencyutils\LatencyUtils\2.0.3\LatencyUtils-2.0.3.jar;C:\Users\Jaya Aditya\.m2\repository\org\springframework\boot\spring-boot-starter-freemarker\3.2.5\spring-boot-starter-freemarker-3.2.5.jar;C:\Users\Jaya Aditya\.m2\repository\org\freemarker\freemarker\2.3.32\freemarker-2.3.32.jar;C:\Users\Jaya Aditya\.m2\repository\org\springframework\spring-context-support\6.1.6\spring-context-support-6.1.6.jar;C:\Users\Jaya Aditya\.m2\repository\org\springframework\cloud\spring-cloud-netflix-eureka-client\4.1.1\spring-cloud-netflix-eureka-client-4.1.1.jar;C:\Users\Jaya Aditya\.m2\repository\com\netflix\eureka\eureka-client\2.0.2\eureka-client-2.0.2.jar;C:\Users\Jaya Aditya\.m2\repository\com\netflix\netflix-commons\netflix-eventbus\0.3.0\netflix-eventbus-0.3.0.jar;C:\Users\Jaya Aditya\.m2\repository\com\netflix\netflix-commons\netflix-infix\0.3.0\netflix-infix-0.3.0.jar;C:\Users\Jaya Aditya\.m2\repository\commons-jxpath\commons-jxpath\1.3\commons-jxpath-1.3.jar;C:\Users\Jaya Aditya\.m2\repository\joda-time\joda-time\2.3\joda-time-2.3.jar;C:\Users\Jaya Aditya\.m2\repository\org\antlr\antlr-runtime\3.4\antlr-runtime-3.4.jar;C:\Users\Jaya Aditya\.m2\repository\org\antlr\stringtemplate\3.2.1\stringtemplate-3.2.1.jar;C:\Users\Jaya Aditya\.m2\repository\antlr\antlr\2.7.7\antlr-2.7.7.jar;C:\Users\Jaya Aditya\.m2\repository\com\google\code\gson\gson\2.10.1\gson-2.10.1.jar;C:\Users\Jaya Aditya\.m2\repository\org\apache\commons\commons-math\2.2\commons-math-2.2.jar;C:\Users\Jaya Aditya\.m2\repository\com\thoughtworks\xstream\xstream\1.4.19\xstream-1.4.19.jar;C:\Users\Jaya Aditya\.m2\repository\io\github\x-stream\mxparser\1.2.2\mxparser-1.2.2.jar;C:\Users\Jaya Aditya\.m2\repository\xmlpull\xmlpull\1.1.3.1\xmlpull-1.1.3.1.jar;C:\Users\Jaya Aditya\.m2\repository\com\netflix\servo\servo-core\0.12.21\servo-core-0.12.21.jar;C:\Users\Jaya Aditya\.m2\repository\com\google\guava\guava\19.0\guava-19.0.jar;C:\Users\Jaya Aditya\.m2\repository\org\apache\httpcomponents\httpclient\4.5.3\httpclient-4.5.3.jar;C:\Users\Jaya Aditya\.m2\repository\org\apache\httpcomponents\httpcore\4.4.16\httpcore-4.4.16.jar;C:\Users\Jaya Aditya\.m2\repository\commons-configuration\commons-configuration\1.10\commons-configuration-1.10.jar;C:\Users\Jaya Aditya\.m2\repository\commons-lang\commons-lang\2.6\commons-lang-2.6.jar;C:\Users\Jaya Aditya\.m2\repository\org\codehaus\jettison\jettison\1.5.4\jettison-1.5.4.jar;C:\Users\Jaya Aditya\.m2\repository\org\apache\httpcomponents\client5\httpclient5\5.2.3\httpclient5-5.2.3.jar;C:\Users\Jaya Aditya\.m2\repository\org\apache\httpcomponents\core5\httpcore5\5.2.4\httpcore5-5.2.4.jar;C:\Users\Jaya Aditya\.m2\repository\org\apache\httpcomponents\core5\httpcore5-h2\5.2.4\httpcore5-h2-5.2.4.jar;C:\Users\Jaya Aditya\.m2\repository\org\slf4j\slf4j-api\2.0.13\slf4j-api-2.0.13.jar;C:\Users\Jaya Aditya\.m2\repository\com\netflix\eureka\eureka-client-jersey3\2.0.2\eureka-client-jersey3-2.0.2.jar;C:\Users\Jaya Aditya\.m2\repository\org\glassfish\jersey\connectors\jersey-apache-connector\3.1.6\jersey-apache-connector-3.1.6.jar;C:\Users\Jaya Aditya\.m2\repository\commons-codec\commons-codec\1.16.1\commons-codec-1.16.1.jar;C:\Users\Jaya Aditya\.m2\repository\commons-logging\commons-logging\1.3.1\commons-logging-1.3.1.jar;C:\Users\Jaya Aditya\.m2\repository\com\netflix\eureka\eureka-core-jersey3\2.0.2\eureka-core-jersey3-2.0.2.jar;C:\Users\Jaya Aditya\.m2\repository\com\netflix\eureka\eureka-core\2.0.2\eureka-core-2.0.2.jar;C:\Users\Jaya Aditya\.m2\repository\org\glassfish\jersey\containers\jersey-container-servlet\3.1.6\jersey-container-servlet-3.1.6.jar;C:\Users\Jaya Aditya\.m2\repository\org\glassfish\jersey\containers\jersey-container-servlet-core\3.1.6\jersey-container-servlet-core-3.1.6.jar;C:\Users\Jaya Aditya\.m2\repository\org\glassfish\jersey\core\jersey-common\3.1.6\jersey-common-3.1.6.jar;C:\Users\Jaya Aditya\.m2\repository\org\glassfish\hk2\osgi-resource-locator\1.0.3\osgi-resource-locator-1.0.3.jar;C:\Users\Jaya Aditya\.m2\repository\jakarta\ws\rs\jakarta.ws.rs-api\3.1.0\jakarta.ws.rs-api-3.1.0.jar;C:\Users\Jaya Aditya\.m2\repository\org\glassfish\jersey\core\jersey-server\3.1.6\jersey-server-3.1.6.jar;C:\Users\Jaya Aditya\.m2\repository\jakarta\inject\jakarta.inject-api\2.0.1\jakarta.inject-api-2.0.1.jar;C:\Users\Jaya Aditya\.m2\repository\jakarta\validation\jakarta.validation-api\3.0.2\jakarta.validation-api-3.0.2.jar;C:\Users\Jaya Aditya\.m2\repository\org\glassfish\jersey\core\jersey-client\3.1.6\jersey-client-3.1.6.jar;C:\Users\Jaya Aditya\.m2\repository\org\glassfish\jersey\inject\jersey-hk2\3.1.6\jersey-hk2-3.1.6.jar;C:\Users\Jaya Aditya\.m2\repository\org\glassfish\hk2\hk2-locator\3.0.6\hk2-locator-3.0.6.jar;C:\Users\Jaya Aditya\.m2\repository\org\glassfish\hk2\external\aopalliance-repackaged\3.0.6\aopalliance-repackaged-3.0.6.jar;C:\Users\Jaya Aditya\.m2\repository\org\glassfish\hk2\hk2-utils\3.0.6\hk2-utils-3.0.6.jar;C:\Users\Jaya Aditya\.m2\repository\org\javassist\javassist\3.30.2-GA\javassist-3.30.2-GA.jar;C:\Users\Jaya Aditya\.m2\repository\org\glassfish\hk2\spring-bridge\3.1.0\spring-bridge-3.1.0.jar;C:\Users\Jaya Aditya\.m2\repository\org\glassfish\hk2\hk2-api\3.1.0\hk2-api-3.1.0.jar;C:\Users\Jaya Aditya\.m2\repository\org\springframework\spring-context\6.1.6\spring-context-6.1.6.jar;C:\Users\Jaya Aditya\.m2\repository\com\fasterxml\jackson\dataformat\jackson-dataformat-xml\2.15.4\jackson-dataformat-xml-2.15.4.jar;C:\Users\Jaya Aditya\.m2\repository\com\fasterxml\jackson\core\jackson-core\2.15.4\jackson-core-2.15.4.jar;C:\Users\Jaya Aditya\.m2\repository\com\fasterxml\jackson\core\jackson-annotations\2.15.4\jackson-annotations-2.15.4.jar;C:\Users\Jaya Aditya\.m2\repository\com\fasterxml\jackson\core\jackson-databind\2.15.4\jackson-databind-2.15.4.jar;C:\Users\Jaya Aditya\.m2\repository\org\codehaus\woodstox\stax2-api\4.2.1\stax2-api-4.2.1.jar;C:\Users\Jaya Aditya\.m2\repository\com\fasterxml\woodstox\woodstox-core\6.5.1\woodstox-core-6.5.1.jar;C:\Users\Jaya Aditya\.m2\repository\org\springframework\cloud\spring-cloud-starter-loadbalancer\4.1.2\spring-cloud-starter-loadbalancer-4.1.2.jar;C:\Users\Jaya Aditya\.m2\repository\org\springframework\cloud\spring-cloud-loadbalancer\4.1.2\spring-cloud-loadbalancer-4.1.2.jar;C:\Users\Jaya Aditya\.m2\repository\io\projectreactor\reactor-core\3.6.5\reactor-core-3.6.5.jar;C:\Users\Jaya Aditya\.m2\repository\org\reactivestreams\reactive-streams\1.0.4\reactive-streams-1.0.4.jar;C:\Users\Jaya Aditya\.m2\repository\io\projectreactor\addons\reactor-extra\3.5.1\reactor-extra-3.5.1.jar;C:\Users\Jaya Aditya\.m2\repository\org\springframework\boot\spring-boot-starter-cache\3.2.5\spring-boot-starter-cache-3.2.5.jar;C:\Users\Jaya Aditya\.m2\repository\com\stoyanr\evictor\1.0.0\evictor-1.0.0.jar;C:\Users\Jaya Aditya\.m2\repository\org\glassfish\jaxb\jaxb-runtime\4.0.5\jaxb-runtime-4.0.5.jar;C:\Users\Jaya Aditya\.m2\repository\org\glassfish\jaxb\jaxb-core\4.0.5\jaxb-core-4.0.5.jar;C:\Users\Jaya Aditya\.m2\repository\jakarta\xml\bind\jakarta.xml.bind-api\4.0.2\jakarta.xml.bind-api-4.0.2.jar;C:\Users\Jaya Aditya\.m2\repository\jakarta\activation\jakarta.activation-api\2.1.3\jakarta.activation-api-2.1.3.jar;C:\Users\Jaya Aditya\.m2\repository\org\eclipse\angus\angus-activation\2.0.2\angus-activation-2.0.2.jar;C:\Users\Jaya Aditya\.m2\repository\org\glassfish\jaxb\txw2\4.0.5\txw2-4.0.5.jar;C:\Users\Jaya Aditya\.m2\repository\com\sun\istack\istack-commons-runtime\4.1.2\istack-commons-runtime-4.1.2.jar
Launcher Type: SUN_STANDARD

[Global flags]
     intx CICompilerCount                          = 4                                         {product} {ergonomic}
     uint ConcGCThreads                            = 3                                         {product} {ergonomic}
     uint G1ConcRefinementThreads                  = 10                                        {product} {ergonomic}
   size_t G1HeapRegionSize                         = 1048576                                   {product} {ergonomic}
    uintx GCDrainStackTargetSize                   = 64                                        {product} {ergonomic}
   size_t InitialHeapSize                          = 123731968                                 {product} {ergonomic}
     bool ManagementServer                         = true                                      {product} {command line}
   size_t MarkStackSize                            = 4194304                                   {product} {ergonomic}
   size_t MaxHeapSize                              = 1973420032                                {product} {ergonomic}
   size_t MaxNewSize                               = 1183842304                                {product} {ergonomic}
   size_t MinHeapDeltaBytes                        = 1048576                                   {product} {ergonomic}
   size_t MinHeapSize                              = 8388608                                   {product} {ergonomic}
    uintx NonNMethodCodeHeapSize                   = 4096                                   {pd product} {ergonomic}
    uintx NonProfiledCodeHeapSize                  = 0                                      {pd product} {ergonomic}
     bool ProfileInterpreter                       = false                                  {pd product} {command line}
    uintx ProfiledCodeHeapSize                     = 0                                      {pd product} {ergonomic}
     bool ShowCodeDetailsInExceptionMessages       = true                                   {manageable} {command line}
   size_t SoftMaxHeapSize                          = 1973420032                             {manageable} {ergonomic}
     intx TieredStopAtLevel                        = 1                                         {product} {command line}
     bool UseCompressedOops                        = true                           {product lp64_product} {ergonomic}
     bool UseG1GC                                  = true                                      {product} {ergonomic}
     bool UseLargePagesIndividualAllocation        = false                                  {pd product} {ergonomic}

Logging:
Log output configuration:
 #0: stdout all=warning uptime,level,tags foldmultilines=false
 #1: stderr all=off uptime,level,tags foldmultilines=false

Release file:
JAVA_VERSION="21.0.9" 
MODULES="java.base java.compiler java.datatransfer java.xml java.prefs java.desktop java.instrument java.logging java.management java.security.sasl java.naming java.rmi java.management.rmi java.net.http java.scripting java.security.jgss java.transaction.xa java.sql java.sql.rowset java.xml.crypto java.se java.smartcardio jdk.accessibility jdk.internal.jvmstat jdk.attach jdk.charsets jdk.internal.opt jdk.zipfs jdk.compiler jdk.crypto.ec jdk.crypto.cryptoki jdk.crypto.mscapi jdk.dynalink jdk.internal.ed jdk.editpad jdk.hotspot.agent jdk.httpserver jdk.internal.le jdk.internal.vm.ci jdk.internal.vm.compiler jdk.internal.vm.compiler.management jdk.jartool jdk.javadoc jdk.jcmd jdk.management jdk.management.agent jdk.jconsole jdk.jdeps jdk.jdwp.agent jdk.jdi jdk.jfr jdk.jshell jdk.jsobject jdk.jstatd jdk.localedata jdk.management.jfr jdk.naming.dns jdk.naming.rmi jdk.net jdk.nio.mapmode jdk.random jdk.sctp jdk.security.auth jdk.security.jgss jdk.unsupported jdk.unsupported.desktop jdk.xml.dom" 

Environment Variables:
PATH=C:/Users/Jaya Aditya/.p2/pool/plugins/org.eclipse.justj.openjdk.hotspot.jre.full.win32.x86_64_21.0.9.v20251105-0741/jre/bin/server;C:/Users/Jaya Aditya/.p2/pool/plugins/org.eclipse.justj.openjdk.hotspot.jre.full.win32.x86_64_21.0.9.v20251105-0741/jre/bin;C:\Program Files\Common Files\Oracle\Java\javapath;C:\Program Files (x86)\Common Files\Oracle\Java\java8path;C:\Program Files (x86)\Common Files\Oracle\Java\javapath;C:\Program Files (x86)\VMware\VMware Workstation\bin\;C:\windows\system32;C:\windows;C:\windows\System32\Wbem;C:\windows\System32\WindowsPowerShell\v1.0\;C:\windows\System32\OpenSSH\;C:\Program Files (x86)\NVIDIA Corporation\PhysX\Common;C:\Program Files\NVIDIA Corporation\NVIDIA NvDLISR;C:\WINDOWS\system32;C:\WINDOWS;C:\WINDOWS\System32\Wbem;C:\WINDOWS\System32\WindowsPowerShell\v1.0\;C:\WINDOWS\System32\OpenSSH\;D:\MATLAB\runtime\win64;D:\MATLAB\bin;C:\Program Files\PuTTY\;C:\Program Files\Fortect;C:\msys64\mingw64\bin;C:\Program Files\Git\cmd;C:\Program Files\Java\jdk-25\bin;C:\Program Files (x86)\Java\jre1.8.0_471\bin;C:\Program Files\nodejs\;C:\Program Files\nodejs;D:\Wipro -Pre Skilling Training\Eclipse_Projects\apache-maven-3.9.11\bin;C:\Users\Jaya Aditya\AppData\Local\Programs\Python\Python311\Scripts\;C:\Users\Jaya Aditya\AppData\Local\Programs\Python\Python311\;C:\Python\Scripts\;C:\Python\;C:\Users\Jaya Aditya\AppData\Local\Microsoft\WindowsApps;C:\Users\Jaya Aditya\AppData\Local\Programs\Microsoft VS Code\bin;C:\Users\Jaya Aditya\AppData\Roaming\npm;C:\WINDOWS\system32;
USERNAME=Jaya Aditya
OS=Windows_NT
PROCESSOR_IDENTIFIER=AMD64 Family 25 Model 80 Stepping 0, AuthenticAMD
TMP=C:\Users\JAYAAD~1\AppData\Local\Temp
TEMP=C:\Users\JAYAAD~1\AppData\Local\Temp




Periodic native trim disabled

---------------  S Y S T E M  ---------------

OS:
 Windows 11 , 64 bit Build 26100 (10.0.26100.7309)
OS uptime: 4 days 17:29 hours
Hyper-V role detected

CPU: total 12 (initial active 12) (12 cores per cpu, 2 threads per core) family 25 model 80 stepping 0 microcode 0xa50000d, cx8, cmov, fxsr, ht, mmx, 3dnowpref, sse, sse2, sse3, ssse3, sse4a, sse4.1, sse4.2, popcnt, lzcnt, tsc, tscinvbit, avx, avx2, aes, erms, clmul, bmi1, bmi2, adx, sha, fma, vzeroupper, clflush, clflushopt, hv, rdtscp, rdpid, fsrm, f16c, cet_ss
Processor Information for the first 12 processors :
  Max Mhz: 3301, Current Mhz: 3301, Mhz Limit: 3301

Memory: 4k page, system-wide physical 7521M (464M free)
TotalPageFile size 31073M (AvailPageFile size 1M)
current process WorkingSet (physical memory assigned to process): 187M, peak: 189M
current process commit charge ("private bytes"): 225M, peak: 243M

vm_info: OpenJDK 64-Bit Server VM (21.0.9+10-LTS) for windows-amd64 JRE (21.0.9+10-LTS), built on 2025-10-21T00:00:00Z by "admin" with unknown MS VC++:1942

END.
